>> r2
b =
     2    -1
a =
    1.0000   -0.8000
s2 =
     1
 
Transfer function:
2 z - 1
-------
z - 0.8
 
Sampling time: 1
as =
   -0.8000    1.6400   -0.8000
bs =
    -2     5    -2
asd =
    1.6400   -1.6000
bsd =
     5    -4
b =
    1.0000   -0.5000
s2 =
     4
 
Transfer function:
z - 0.5
-------
z - 0.8
 
Sampling time: 1
as =
   -0.8000    1.6400   -0.8000
bs =
    -2     5    -2
asd =
    1.6400   -1.6000
bsd =
     5    -4
bsd =
    0.3720   -0.2560
bs =
   -0.1280    0.3720   -0.1280
b =
    0.5665   -0.2259
s2 =
    0.3210
b =
    1.0000   -0.3988
bs =
   -0.1280    0.3720   -0.1280
bsp =
    0.3720   -0.2560
bsd =
    0.3720   -0.2560
asd =
    1.0000   -0.9400
as =
   -0.4700    1.0000   -0.4700
bs =
   -0.1280    0.3720   -0.1280
a =
    0.8189   -0.5739
b =
    0.5665   -0.2259
a0 =
    0.8189
a =
    1.0000   -0.7009
b =
    0.6918   -0.2759
s2 =
    0.4786
b =
    1.0000   -0.3988
as =
   -0.7009    1.4912   -0.7009
bs =
   -0.3988    1.1591   -0.3988
bs =
   -0.1909    0.5547   -0.1909
asd =
    1.4912   -1.4018
bsd =
    0.5547   -0.3818
bsd =
    0.3720   -0.2560
asd =
    1.0000   -0.9400
>> 
>> exit
